<?xml version="1.0" encoding="UTF-8"?>
<testsuite name="tree.intersection.TreeIntersectionTest" tests="3" skipped="0" failures="0" errors="0" timestamp="2022-05-25T10:25:59" hostname="DESKTOP-E5H9M2J" time="0.019">
  <properties/>
  <testcase name="testWithOneCommonValues()" classname="tree.intersection.TreeIntersectionTest" time="0.016"/>
  <testcase name="testWithTwoCommonValues()" classname="tree.intersection.TreeIntersectionTest" time="0.001"/>
  <testcase name="testWithNoCommonValues()" classname="tree.intersection.TreeIntersectionTest" time="0.0"/>
  <system-out><![CDATA[]]></system-out>
  <system-err><![CDATA[]]></system-err>
</testsuite>
